Determining if the pthread_create exist failed with the following output:
Change Dir: /home/donavan/rendu/Projets++/IndieStudioCocos/Unlit/linux-build/CMakeFiles/CMakeTmp

Run Build Command:"/usr/bin/make" "cmTC_daa1c/fast"
/usr/bin/make -f CMakeFiles/cmTC_daa1c.dir/build.make CMakeFiles/cmTC_daa1c.dir/build
make[1]: Entering directory '/home/donavan/rendu/Projets++/IndieStudioCocos/Unlit/linux-build/CMakeFiles/CMakeTmp'
Building C object CMakeFiles/cmTC_daa1c.dir/CheckSymbolExists.c.o
/usr/bin/cc    -std=c99 -std=gnu99 -fPIC    -o CMakeFiles/cmTC_daa1c.dir/CheckSymbolExists.c.o   -c /home/donavan/rendu/Projets++/IndieStudioCocos/Unlit/linux-build/CMakeFiles/CMakeTmp/CheckSymbolExists.c
Linking C executable cmTC_daa1c
/usr/bin/cmake -E cmake_link_script CMakeFiles/cmTC_daa1c.dir/link.txt --verbose=1
/usr/bin/cc   -std=c99 -std=gnu99 -fPIC     CMakeFiles/cmTC_daa1c.dir/CheckSymbolExists.c.o  -o cmTC_daa1c -rdynamic 
CMakeFiles/cmTC_daa1c.dir/CheckSymbolExists.c.o: In function `main':
CheckSymbolExists.c:(.text+0x1b): undefined reference to `pthread_create'
collect2: error: ld returned 1 exit status
CMakeFiles/cmTC_daa1c.dir/build.make:97: recipe for target 'cmTC_daa1c' failed
make[1]: *** [cmTC_daa1c] Error 1
make[1]: Leaving directory '/home/donavan/rendu/Projets++/IndieStudioCocos/Unlit/linux-build/CMakeFiles/CMakeTmp'
Makefile:126: recipe for target 'cmTC_daa1c/fast' failed
make: *** [cmTC_daa1c/fast] Error 2

File /home/donavan/rendu/Projets++/IndieStudioCocos/Unlit/linux-build/CMakeFiles/CMakeTmp/CheckSymbolExists.c:
/* */
#include <pthread.h>

int main(int argc, char** argv)
{
  (void)argv;
#ifndef pthread_create
  return ((int*)(&pthread_create))[argc];
#else
  (void)argc;
  return 0;
#endif
}

Determining if the function pthread_create exists in the pthreads failed with the following output:
Change Dir: /home/donavan/rendu/Projets++/IndieStudioCocos/Unlit/linux-build/CMakeFiles/CMakeTmp

Run Build Command:"/usr/bin/make" "cmTC_ece6d/fast"
/usr/bin/make -f CMakeFiles/cmTC_ece6d.dir/build.make CMakeFiles/cmTC_ece6d.dir/build
make[1]: Entering directory '/home/donavan/rendu/Projets++/IndieStudioCocos/Unlit/linux-build/CMakeFiles/CMakeTmp'
Building C object CMakeFiles/cmTC_ece6d.dir/CheckFunctionExists.c.o
/usr/bin/cc    -std=c99 -std=gnu99 -fPIC -DCHECK_FUNCTION_EXISTS=pthread_create   -o CMakeFiles/cmTC_ece6d.dir/CheckFunctionExists.c.o   -c /usr/share/cmake-3.5/Modules/CheckFunctionExists.c
Linking C executable cmTC_ece6d
/usr/bin/cmake -E cmake_link_script CMakeFiles/cmTC_ece6d.dir/link.txt --verbose=1
/usr/bin/cc   -std=c99 -std=gnu99 -fPIC -DCHECK_FUNCTION_EXISTS=pthread_create    CMakeFiles/cmTC_ece6d.dir/CheckFunctionExists.c.o  -o cmTC_ece6d -rdynamic -lpthreads 
/usr/bin/ld: cannot find -lpthreads
collect2: error: ld returned 1 exit status
CMakeFiles/cmTC_ece6d.dir/build.make:97: recipe for target 'cmTC_ece6d' failed
make[1]: *** [cmTC_ece6d] Error 1
make[1]: Leaving directory '/home/donavan/rendu/Projets++/IndieStudioCocos/Unlit/linux-build/CMakeFiles/CMakeTmp'
Makefile:126: recipe for target 'cmTC_ece6d/fast' failed
make: *** [cmTC_ece6d/fast] Error 2


